The target system is: Linux - 1 - mipsel
The host system is: Linux - 4.4.0-104-generic - i686
Compiling the C compiler identification source file "CMakeCCompilerId.c" succeeded.
Compiler: /usr/bin/cc 
Build flags: -g;-Wall;-Wextra;-D_FORTIFY_SOURCE=1;-Wl,-z,now;-Wl,-z,relro
Id flags: 

The output was:
0


Compilation of the C compiler identification source "CMakeCCompilerId.c" produced "a.out"

The C compiler identification is GNU, found in "/home/dl/workspace/eotuapwifi/src/CMakeFiles/3.5.1/CompilerIdC/a.out"

Determining if the C compiler works passed with the following output:
Change Dir: /home/dl/workspace/eotuapwifi/src/CMakeFiles/CMakeTmp

Run Build Command:"/usr/bin/make" "cmTC_33af7/fast"
/usr/bin/make -f CMakeFiles/cmTC_33af7.dir/build.make CMakeFiles/cmTC_33af7.dir/build
make[1]: Entering directory '/home/dl/workspace/eotuapwifi/src/CMakeFiles/CMakeTmp'
Building C object CMakeFiles/cmTC_33af7.dir/testCCompiler.c.o
/usr/bin/cc    -g -Wall -Wextra -D_FORTIFY_SOURCE=1 -Wl,-z,now -Wl,-z,relro    -o CMakeFiles/cmTC_33af7.dir/testCCompiler.c.o   -c /home/dl/workspace/eotuapwifi/src/CMakeFiles/CMakeTmp/testCCompiler.c
Linking C executable cmTC_33af7
/usr/bin/cmake -E cmake_link_script CMakeFiles/cmTC_33af7.dir/link.txt --verbose=1
/usr/bin/cc  -g -Wall -Wextra -D_FORTIFY_SOURCE=1 -Wl,-z,now -Wl,-z,relro     CMakeFiles/cmTC_33af7.dir/testCCompiler.c.o  -o cmTC_33af7 -rdynamic 
make[1]: Leaving directory '/home/dl/workspace/eotuapwifi/src/CMakeFiles/CMakeTmp'


Detecting C compiler ABI info compiled with the following output:
Change Dir: /home/dl/workspace/eotuapwifi/src/CMakeFiles/CMakeTmp

Run Build Command:"/usr/bin/make" "cmTC_baa56/fast"
/usr/bin/make -f CMakeFiles/cmTC_baa56.dir/build.make CMakeFiles/cmTC_baa56.dir/build
make[1]: Entering directory '/home/dl/workspace/eotuapwifi/src/CMakeFiles/CMakeTmp'
Building C object CMakeFiles/cmTC_baa56.dir/CMakeCCompilerABI.c.o
/usr/bin/cc    -g -Wall -Wextra -D_FORTIFY_SOURCE=1 -Wl,-z,now -Wl,-z,relro    -o CMakeFiles/cmTC_baa56.dir/CMakeCCompilerABI.c.o   -c /usr/share/cmake-3.5/Modules/CMakeCCompilerABI.c
Linking C executable cmTC_baa56
/usr/bin/cmake -E cmake_link_script CMakeFiles/cmTC_baa56.dir/link.txt --verbose=1
/usr/bin/cc  -g -Wall -Wextra -D_FORTIFY_SOURCE=1 -Wl,-z,now -Wl,-z,relro    -v CMakeFiles/cmTC_baa56.dir/CMakeCCompilerABI.c.o  -o cmTC_baa56 -rdynamic  
Using built-in specs.
COLLECT_GCC=/usr/bin/cc
COLLECT_LTO_WRAPPER=/usr/lib/gcc/i686-linux-gnu/5/lto-wrapper
Target: i686-linux-gnu
Configured with: ../src/configure -v --with-pkgversion='Ubuntu 5.4.0-6ubuntu1~16.04.4' --with-bugurl=file:///usr/share/doc/gcc-5/README.Bugs --enable-languages=c,ada,c++,java,go,d,fortran,objc,obj-c++ --prefix=/usr --program-suffix=-5 --enable-shared --enable-linker-build-id --libexecdir=/usr/lib --without-included-gettext --enable-threads=posix --libdir=/usr/lib --enable-nls --with-sysroot=/ --enable-clocale=gnu --enable-libstdcxx-debug --enable-libstdcxx-time=yes --with-default-libstdcxx-abi=new --enable-gnu-unique-object --disable-vtable-verify --enable-libmpx --enable-plugin --with-system-zlib --disable-browser-plugin --enable-java-awt=gtk --enable-gtk-cairo --with-java-home=/usr/lib/jvm/java-1.5.0-gcj-5-i386/jre --enable-java-home --with-jvm-root-dir=/usr/lib/jvm/java-1.5.0-gcj-5-i386 --with-jvm-jar-dir=/usr/lib/jvm-exports/java-1.5.0-gcj-5-i386 --with-arch-directory=i386 --with-ecj-jar=/usr/share/java/eclipse-ecj.jar --enable-objc-gc --enable-targets=all --enable-multiarch --disable-werror --with-arch-32=i686 --with-multilib-list=m32,m64,mx32 --enable-multilib --with-tune=generic --enable-checking=release --build=i686-linux-gnu --host=i686-linux-gnu --target=i686-linux-gnu
Thread model: posix
gcc version 5.4.0 20160609 (Ubuntu 5.4.0-6ubuntu1~16.04.4) 
COMPILER_PATH=/usr/lib/gcc/i686-linux-gnu/5/:/usr/lib/gcc/i686-linux-gnu/5/:/usr/lib/gcc/i686-linux-gnu/:/usr/lib/gcc/i686-linux-gnu/5/:/usr/lib/gcc/i686-linux-gnu/
LIBRARY_PATH=/usr/lib/gcc/i686-linux-gnu/5/:/usr/lib/gcc/i686-linux-gnu/5/../../../i386-linux-gnu/:/usr/lib/gcc/i686-linux-gnu/5/../../../../lib/:/lib/i386-linux-gnu/:/lib/../lib/:/usr/lib/i386-linux-gnu/:/usr/lib/../lib/:/usr/lib/gcc/i686-linux-gnu/5/../../../:/lib/:/usr/lib/
COLLECT_GCC_OPTIONS='-g' '-Wall' '-Wextra' '-D' '_FORTIFY_SOURCE=1' '-v' '-o' 'cmTC_baa56' '-rdynamic' '-mtune=generic' '-march=i686'
 /usr/lib/gcc/i686-linux-gnu/5/collect2 -plugin /usr/lib/gcc/i686-linux-gnu/5/liblto_plugin.so -plugin-opt=/usr/lib/gcc/i686-linux-gnu/5/lto-wrapper -plugin-opt=-fresolution=/tmp/ccVo2fdK.res -plugin-opt=-pass-through=-lgcc -plugin-opt=-pass-through=-lgcc_s -plugin-opt=-pass-through=-lc -plugin-opt=-pass-through=-lgcc -plugin-opt=-pass-through=-lgcc_s --sysroot=/ --build-id --eh-frame-hdr -m elf_i386 --hash-style=gnu --as-needed -export-dynamic -dynamic-linker /lib/ld-linux.so.2 -z relro -o cmTC_baa56 /usr/lib/gcc/i686-linux-gnu/5/../../../i386-linux-gnu/crt1.o /usr/lib/gcc/i686-linux-gnu/5/../../../i386-linux-gnu/crti.o /usr/lib/gcc/i686-linux-gnu/5/crtbegin.o -L/usr/lib/gcc/i686-linux-gnu/5 -L/usr/lib/gcc/i686-linux-gnu/5/../../../i386-linux-gnu -L/usr/lib/gcc/i686-linux-gnu/5/../../../../lib -L/lib/i386-linux-gnu -L/lib/../lib -L/usr/lib/i386-linux-gnu -L/usr/lib/../lib -L/usr/lib/gcc/i686-linux-gnu/5/../../.. -z now -z relro CMakeFiles/cmTC_baa56.dir/CMakeCCompilerABI.c.o -lgcc --as-needed -lgcc_s --no-as-needed -lc -lgcc --as-needed -lgcc_s --no-as-needed /usr/lib/gcc/i686-linux-gnu/5/crtend.o /usr/lib/gcc/i686-linux-gnu/5/../../../i386-linux-gnu/crtn.o
make[1]: Leaving directory '/home/dl/workspace/eotuapwifi/src/CMakeFiles/CMakeTmp'


Parsed C implicit link information from above output:
  link line regex: [^( *|.*[/\])(ld|([^/\]+-)?ld|collect2)[^/\]*( |$)]
  ignore line: [Change Dir: /home/dl/workspace/eotuapwifi/src/CMakeFiles/CMakeTmp]
  ignore line: []
  ignore line: [Run Build Command:"/usr/bin/make" "cmTC_baa56/fast"]
  ignore line: [/usr/bin/make -f CMakeFiles/cmTC_baa56.dir/build.make CMakeFiles/cmTC_baa56.dir/build]
  ignore line: [make[1]: Entering directory '/home/dl/workspace/eotuapwifi/src/CMakeFiles/CMakeTmp']
  ignore line: [Building C object CMakeFiles/cmTC_baa56.dir/CMakeCCompilerABI.c.o]
  ignore line: [/usr/bin/cc    -g -Wall -Wextra -D_FORTIFY_SOURCE=1 -Wl,-z,now -Wl,-z,relro    -o CMakeFiles/cmTC_baa56.dir/CMakeCCompilerABI.c.o   -c /usr/share/cmake-3.5/Modules/CMakeCCompilerABI.c]
  ignore line: [Linking C executable cmTC_baa56]
  ignore line: [/usr/bin/cmake -E cmake_link_script CMakeFiles/cmTC_baa56.dir/link.txt --verbose=1]
  ignore line: [/usr/bin/cc  -g -Wall -Wextra -D_FORTIFY_SOURCE=1 -Wl,-z,now -Wl,-z,relro    -v CMakeFiles/cmTC_baa56.dir/CMakeCCompilerABI.c.o  -o cmTC_baa56 -rdynamic  ]
  ignore line: [Using built-in specs.]
  ignore line: [COLLECT_GCC=/usr/bin/cc]
  ignore line: [COLLECT_LTO_WRAPPER=/usr/lib/gcc/i686-linux-gnu/5/lto-wrapper]
  ignore line: [Target: i686-linux-gnu]
  ignore line: [Configured with: ../src/configure -v --with-pkgversion='Ubuntu 5.4.0-6ubuntu1~16.04.4' --with-bugurl=file:///usr/share/doc/gcc-5/README.Bugs --enable-languages=c,ada,c++,java,go,d,fortran,objc,obj-c++ --prefix=/usr --program-suffix=-5 --enable-shared --enable-linker-build-id --libexecdir=/usr/lib --without-included-gettext --enable-threads=posix --libdir=/usr/lib --enable-nls --with-sysroot=/ --enable-clocale=gnu --enable-libstdcxx-debug --enable-libstdcxx-time=yes --with-default-libstdcxx-abi=new --enable-gnu-unique-object --disable-vtable-verify --enable-libmpx --enable-plugin --with-system-zlib --disable-browser-plugin --enable-java-awt=gtk --enable-gtk-cairo --with-java-home=/usr/lib/jvm/java-1.5.0-gcj-5-i386/jre --enable-java-home --with-jvm-root-dir=/usr/lib/jvm/java-1.5.0-gcj-5-i386 --with-jvm-jar-dir=/usr/lib/jvm-exports/java-1.5.0-gcj-5-i386 --with-arch-directory=i386 --with-ecj-jar=/usr/share/java/eclipse-ecj.jar --enable-objc-gc --enable-targets=all --enable-multiarch --disable-werror --with-arch-32=i686 --with-multilib-list=m32,m64,mx32 --enable-multilib --with-tune=generic --enable-checking=release --build=i686-linux-gnu --host=i686-linux-gnu --target=i686-linux-gnu]
  ignore line: [Thread model: posix]
  ignore line: [gcc version 5.4.0 20160609 (Ubuntu 5.4.0-6ubuntu1~16.04.4) ]
  ignore line: [COMPILER_PATH=/usr/lib/gcc/i686-linux-gnu/5/:/usr/lib/gcc/i686-linux-gnu/5/:/usr/lib/gcc/i686-linux-gnu/:/usr/lib/gcc/i686-linux-gnu/5/:/usr/lib/gcc/i686-linux-gnu/]
  ignore line: [LIBRARY_PATH=/usr/lib/gcc/i686-linux-gnu/5/:/usr/lib/gcc/i686-linux-gnu/5/../../../i386-linux-gnu/:/usr/lib/gcc/i686-linux-gnu/5/../../../../lib/:/lib/i386-linux-gnu/:/lib/../lib/:/usr/lib/i386-linux-gnu/:/usr/lib/../lib/:/usr/lib/gcc/i686-linux-gnu/5/../../../:/lib/:/usr/lib/]
  ignore line: [COLLECT_GCC_OPTIONS='-g' '-Wall' '-Wextra' '-D' '_FORTIFY_SOURCE=1' '-v' '-o' 'cmTC_baa56' '-rdynamic' '-mtune=generic' '-march=i686']
  link line: [ /usr/lib/gcc/i686-linux-gnu/5/collect2 -plugin /usr/lib/gcc/i686-linux-gnu/5/liblto_plugin.so -plugin-opt=/usr/lib/gcc/i686-linux-gnu/5/lto-wrapper -plugin-opt=-fresolution=/tmp/ccVo2fdK.res -plugin-opt=-pass-through=-lgcc -plugin-opt=-pass-through=-lgcc_s -plugin-opt=-pass-through=-lc -plugin-opt=-pass-through=-lgcc -plugin-opt=-pass-through=-lgcc_s --sysroot=/ --build-id --eh-frame-hdr -m elf_i386 --hash-style=gnu --as-needed -export-dynamic -dynamic-linker /lib/ld-linux.so.2 -z relro -o cmTC_baa56 /usr/lib/gcc/i686-linux-gnu/5/../../../i386-linux-gnu/crt1.o /usr/lib/gcc/i686-linux-gnu/5/../../../i386-linux-gnu/crti.o /usr/lib/gcc/i686-linux-gnu/5/crtbegin.o -L/usr/lib/gcc/i686-linux-gnu/5 -L/usr/lib/gcc/i686-linux-gnu/5/../../../i386-linux-gnu -L/usr/lib/gcc/i686-linux-gnu/5/../../../../lib -L/lib/i386-linux-gnu -L/lib/../lib -L/usr/lib/i386-linux-gnu -L/usr/lib/../lib -L/usr/lib/gcc/i686-linux-gnu/5/../../.. -z now -z relro CMakeFiles/cmTC_baa56.dir/CMakeCCompilerABI.c.o -lgcc --as-needed -lgcc_s --no-as-needed -lc -lgcc --as-needed -lgcc_s --no-as-needed /usr/lib/gcc/i686-linux-gnu/5/crtend.o /usr/lib/gcc/i686-linux-gnu/5/../../../i386-linux-gnu/crtn.o]
    arg [/usr/lib/gcc/i686-linux-gnu/5/collect2] ==> ignore
    arg [-plugin] ==> ignore
    arg [/usr/lib/gcc/i686-linux-gnu/5/liblto_plugin.so] ==> ignore
    arg [-plugin-opt=/usr/lib/gcc/i686-linux-gnu/5/lto-wrapper] ==> ignore
    arg [-plugin-opt=-fresolution=/tmp/ccVo2fdK.res] ==> ignore
    arg [-plugin-opt=-pass-through=-lgcc] ==> ignore
    arg [-plugin-opt=-pass-through=-lgcc_s] ==> ignore
    arg [-plugin-opt=-pass-through=-lc] ==> ignore
    arg [-plugin-opt=-pass-through=-lgcc] ==> ignore
    arg [-plugin-opt=-pass-through=-lgcc_s] ==> ignore
    arg [--sysroot=/] ==> ignore
    arg [--build-id] ==> ignore
    arg [--eh-frame-hdr] ==> ignore
    arg [-m] ==> ignore
    arg [elf_i386] ==> ignore
    arg [--hash-style=gnu] ==> ignore
    arg [--as-needed] ==> ignore
    arg [-export-dynamic] ==> ignore
    arg [-dynamic-linker] ==> ignore
    arg [/lib/ld-linux.so.2] ==> ignore
    arg [-zrelro] ==> ignore
    arg [-o] ==> ignore
    arg [cmTC_baa56] ==> ignore
    arg [/usr/lib/gcc/i686-linux-gnu/5/../../../i386-linux-gnu/crt1.o] ==> ignore
    arg [/usr/lib/gcc/i686-linux-gnu/5/../../../i386-linux-gnu/crti.o] ==> ignore
    arg [/usr/lib/gcc/i686-linux-gnu/5/crtbegin.o] ==> ignore
    arg [-L/usr/lib/gcc/i686-linux-gnu/5] ==> dir [/usr/lib/gcc/i686-linux-gnu/5]
    arg [-L/usr/lib/gcc/i686-linux-gnu/5/../../../i386-linux-gnu] ==> dir [/usr/lib/gcc/i686-linux-gnu/5/../../../i386-linux-gnu]
    arg [-L/usr/lib/gcc/i686-linux-gnu/5/../../../../lib] ==> dir [/usr/lib/gcc/i686-linux-gnu/5/../../../../lib]
    arg [-L/lib/i386-linux-gnu] ==> dir [/lib/i386-linux-gnu]
    arg [-L/lib/../lib] ==> dir [/lib/../lib]
    arg [-L/usr/lib/i386-linux-gnu] ==> dir [/usr/lib/i386-linux-gnu]
    arg [-L/usr/lib/../lib] ==> dir [/usr/lib/../lib]
    arg [-L/usr/lib/gcc/i686-linux-gnu/5/../../..] ==> dir [/usr/lib/gcc/i686-linux-gnu/5/../../..]
    arg [-znow] ==> ignore
    arg [-zrelro] ==> ignore
    arg [CMakeFiles/cmTC_baa56.dir/CMakeCCompilerABI.c.o] ==> ignore
    arg [-lgcc] ==> lib [gcc]
    arg [--as-needed] ==> ignore
    arg [-lgcc_s] ==> lib [gcc_s]
    arg [--no-as-needed] ==> ignore
    arg [-lc] ==> lib [c]
    arg [-lgcc] ==> lib [gcc]
    arg [--as-needed] ==> ignore
    arg [-lgcc_s] ==> lib [gcc_s]
    arg [--no-as-needed] ==> ignore
    arg [/usr/lib/gcc/i686-linux-gnu/5/crtend.o] ==> ignore
    arg [/usr/lib/gcc/i686-linux-gnu/5/../../../i386-linux-gnu/crtn.o] ==> ignore
  remove lib [gcc]
  remove lib [gcc_s]
  remove lib [gcc]
  remove lib [gcc_s]
  collapse library dir [/usr/lib/gcc/i686-linux-gnu/5] ==> [/usr/lib/gcc/i686-linux-gnu/5]
  collapse library dir [/usr/lib/gcc/i686-linux-gnu/5/../../../i386-linux-gnu] ==> [/usr/lib/i386-linux-gnu]
  collapse library dir [/usr/lib/gcc/i686-linux-gnu/5/../../../../lib] ==> [/usr/lib]
  collapse library dir [/lib/i386-linux-gnu] ==> [/lib/i386-linux-gnu]
  collapse library dir [/lib/../lib] ==> [/lib]
  collapse library dir [/usr/lib/i386-linux-gnu] ==> [/usr/lib/i386-linux-gnu]
  collapse library dir [/usr/lib/../lib] ==> [/usr/lib]
  collapse library dir [/usr/lib/gcc/i686-linux-gnu/5/../../..] ==> [/usr/lib]
  implicit libs: [c]
  implicit dirs: [/usr/lib/gcc/i686-linux-gnu/5;/usr/lib/i386-linux-gnu;/usr/lib;/lib/i386-linux-gnu;/lib]
  implicit fwks: []




Detecting C [-std=c11] compiler features compiled with the following output:
Change Dir: /home/dl/workspace/eotuapwifi/src/CMakeFiles/CMakeTmp

Run Build Command:"/usr/bin/make" "cmTC_b6ebd/fast"
/usr/bin/make -f CMakeFiles/cmTC_b6ebd.dir/build.make CMakeFiles/cmTC_b6ebd.dir/build
make[1]: Entering directory '/home/dl/workspace/eotuapwifi/src/CMakeFiles/CMakeTmp'
Building C object CMakeFiles/cmTC_b6ebd.dir/feature_tests.c.o
/usr/bin/cc    -g -Wall -Wextra -D_FORTIFY_SOURCE=1 -Wl,-z,now -Wl,-z,relro    -std=c11 -o CMakeFiles/cmTC_b6ebd.dir/feature_tests.c.o   -c /home/dl/workspace/eotuapwifi/src/CMakeFiles/feature_tests.c
Linking C executable cmTC_b6ebd
/usr/bin/cmake -E cmake_link_script CMakeFiles/cmTC_b6ebd.dir/link.txt --verbose=1
/usr/bin/cc  -g -Wall -Wextra -D_FORTIFY_SOURCE=1 -Wl,-z,now -Wl,-z,relro     CMakeFiles/cmTC_b6ebd.dir/feature_tests.c.o  -o cmTC_b6ebd -rdynamic 
make[1]: Leaving directory '/home/dl/workspace/eotuapwifi/src/CMakeFiles/CMakeTmp'


    Feature record: C_FEATURE:1c_function_prototypes
    Feature record: C_FEATURE:1c_restrict
    Feature record: C_FEATURE:1c_static_assert
    Feature record: C_FEATURE:1c_variadic_macros


Detecting C [-std=c99] compiler features compiled with the following output:
Change Dir: /home/dl/workspace/eotuapwifi/src/CMakeFiles/CMakeTmp

Run Build Command:"/usr/bin/make" "cmTC_d7f46/fast"
/usr/bin/make -f CMakeFiles/cmTC_d7f46.dir/build.make CMakeFiles/cmTC_d7f46.dir/build
make[1]: Entering directory '/home/dl/workspace/eotuapwifi/src/CMakeFiles/CMakeTmp'
Building C object CMakeFiles/cmTC_d7f46.dir/feature_tests.c.o
/usr/bin/cc    -g -Wall -Wextra -D_FORTIFY_SOURCE=1 -Wl,-z,now -Wl,-z,relro    -std=c99 -o CMakeFiles/cmTC_d7f46.dir/feature_tests.c.o   -c /home/dl/workspace/eotuapwifi/src/CMakeFiles/feature_tests.c
Linking C executable cmTC_d7f46
/usr/bin/cmake -E cmake_link_script CMakeFiles/cmTC_d7f46.dir/link.txt --verbose=1
/usr/bin/cc  -g -Wall -Wextra -D_FORTIFY_SOURCE=1 -Wl,-z,now -Wl,-z,relro     CMakeFiles/cmTC_d7f46.dir/feature_tests.c.o  -o cmTC_d7f46 -rdynamic 
make[1]: Leaving directory '/home/dl/workspace/eotuapwifi/src/CMakeFiles/CMakeTmp'


    Feature record: C_FEATURE:1c_function_prototypes
    Feature record: C_FEATURE:1c_restrict
    Feature record: C_FEATURE:0c_static_assert
    Feature record: C_FEATURE:1c_variadic_macros


Detecting C [-std=c90] compiler features compiled with the following output:
Change Dir: /home/dl/workspace/eotuapwifi/src/CMakeFiles/CMakeTmp

Run Build Command:"/usr/bin/make" "cmTC_0449d/fast"
/usr/bin/make -f CMakeFiles/cmTC_0449d.dir/build.make CMakeFiles/cmTC_0449d.dir/build
make[1]: Entering directory '/home/dl/workspace/eotuapwifi/src/CMakeFiles/CMakeTmp'
Building C object CMakeFiles/cmTC_0449d.dir/feature_tests.c.o
/usr/bin/cc    -g -Wall -Wextra -D_FORTIFY_SOURCE=1 -Wl,-z,now -Wl,-z,relro    -std=c90 -o CMakeFiles/cmTC_0449d.dir/feature_tests.c.o   -c /home/dl/workspace/eotuapwifi/src/CMakeFiles/feature_tests.c
Linking C executable cmTC_0449d
/usr/bin/cmake -E cmake_link_script CMakeFiles/cmTC_0449d.dir/link.txt --verbose=1
/usr/bin/cc  -g -Wall -Wextra -D_FORTIFY_SOURCE=1 -Wl,-z,now -Wl,-z,relro     CMakeFiles/cmTC_0449d.dir/feature_tests.c.o  -o cmTC_0449d -rdynamic 
make[1]: Leaving directory '/home/dl/workspace/eotuapwifi/src/CMakeFiles/CMakeTmp'


    Feature record: C_FEATURE:1c_function_prototypes
    Feature record: C_FEATURE:0c_restrict
    Feature record: C_FEATURE:0c_static_assert
    Feature record: C_FEATURE:0c_variadic_macros
